# JRE version: Java(TM) SE Runtime Environment (8.0_271-b09) (build 1.8.0_271-b09)
# Java VM: Java HotSpot(TM) 64-Bit Server VM (25.271-b09 mixed mode windows-amd64 compressed oops)
Heap:
 PSYoungGen      total 236544K, used 221253K [0x000000076ad80000, 0x0000000782400000, 0x00000007c0000000)
  eden space 223232K, 93% used [0x000000076ad80000,0x0000000777893d58,0x0000000778780000)
  from space 13312K, 99% used [0x0000000778780000,0x000000077947d770,0x0000000779480000)
  to   space 15872K, 0% used [0x0000000781480000,0x0000000781480000,0x0000000782400000)
 ParOldGen       total 128000K, used 18993K [0x00000006c0800000, 0x00000006c8500000, 0x000000076ad80000)
  object space 128000K, 14% used [0x00000006c0800000,0x00000006c1a8c5f8,0x00000006c8500000)
 Metaspace       used 42379K, capacity 44606K, committed 44668K, reserved 1087488K
  class space    used 5610K, capacity 6004K, committed 6016K, reserved 1048576K
GC Heap History (10 events):
Event: 2.229 GC heap before
{Heap before GC invocations=5 (full 1):
 PSYoungGen      total 141824K, used 5711K [0x000000076ad80000, 0x0000000774280000, 0x00000007c0000000)
  eden space 131072K, 0% used [0x000000076ad80000,0x000000076ad80000,0x0000000772d80000)
  from space 10752K, 53% used [0x0000000773800000,0x0000000773d93f70,0x0000000774280000)
  to   space 10752K, 0% used [0x0000000772d80000,0x0000000772d80000,0x0000000773800000)
 ParOldGen       total 175104K, used 40K [0x00000006c0800000, 0x00000006cb300000, 0x000000076ad80000)
  object space 175104K, 0% used [0x00000006c0800000,0x00000006c080a000,0x00000006cb300000)
 Metaspace       used 20819K, capacity 21564K, committed 21628K, reserved 1069056K
  class space    used 2765K, capacity 2931K, committed 2944K, reserved 1048576K
Event: 2.273 GC heap after
Heap after GC invocations=5 (full 1):
 PSYoungGen      total 141824K, used 0K [0x000000076ad80000, 0x0000000774280000, 0x00000007c0000000)
  eden space 131072K, 0% used [0x000000076ad80000,0x000000076ad80000,0x0000000772d80000)
  from space 10752K, 0% used [0x0000000773800000,0x0000000773800000,0x0000000774280000)
  to   space 10752K, 0% used [0x0000000772d80000,0x0000000772d80000,0x0000000773800000)
 ParOldGen       total 86016K, used 5617K [0x00000006c0800000, 0x00000006c5c00000, 0x000000076ad80000)
  object space 86016K, 6% used [0x00000006c0800000,0x00000006c0d7c750,0x00000006c5c00000)
 Metaspace       used 20817K, capacity 21558K, committed 21628K, reserved 1069056K
  class space    used 2765K, capacity 2930K, committed 2944K, reserved 1048576K
}
Event: 3.697 GC heap before
{Heap before GC invocations=6 (full 1):
 PSYoungGen      total 141824K, used 131072K [0x000000076ad80000, 0x0000000774280000, 0x00000007c0000000)
  eden space 131072K, 100% used [0x000000076ad80000,0x0000000772d80000,0x0000000772d80000)
  from space 10752K, 0% used [0x0000000773800000,0x0000000773800000,0x0000000774280000)
  to   space 10752K, 0% used [0x0000000772d80000,0x0000000772d80000,0x0000000773800000)
 ParOldGen       total 86016K, used 5617K [0x00000006c0800000, 0x00000006c5c00000, 0x000000076ad80000)
  object space 86016K, 6% used [0x00000006c0800000,0x00000006c0d7c750,0x00000006c5c00000)
 Metaspace       used 26093K, capacity 27330K, committed 27388K, reserved 1073152K
  class space    used 3517K, capacity 3789K, committed 3840K, reserved 1048576K
Event: 3.705 GC heap after
Heap after GC invocations=6 (full 1):
 PSYoungGen      total 141824K, used 9023K [0x000000076ad80000, 0x000000077a180000, 0x00000007c0000000)
  eden space 131072K, 0% used [0x000000076ad80000,0x000000076ad80000,0x0000000772d80000)
  from space 10752K, 83% used [0x0000000772d80000,0x000000077364fdd0,0x0000000773800000)
  to   space 10752K, 0% used [0x0000000779700000,0x0000000779700000,0x000000077a180000)
 ParOldGen       total 86016K, used 5625K [0x00000006c0800000, 0x00000006c5c00000, 0x000000076ad80000)
  object space 86016K, 6% used [0x00000006c0800000,0x00000006c0d7e750,0x00000006c5c00000)
 Metaspace       used 26093K, capacity 27330K, committed 27388K, reserved 1073152K
  class space    used 3517K, capacity 3789K, committed 3840K, reserved 1048576K
}
Event: 4.522 GC heap before
{Heap before GC invocations=7 (full 1):
 PSYoungGen      total 141824K, used 132922K [0x000000076ad80000, 0x000000077a180000, 0x00000007c0000000)
  eden space 131072K, 94% used [0x000000076ad80000,0x000000077267ed90,0x0000000772d80000)
  from space 10752K, 83% used [0x0000000772d80000,0x000000077364fdd0,0x0000000773800000)
  to   space 10752K, 0% used [0x0000000779700000,0x0000000779700000,0x000000077a180000)
 ParOldGen       total 86016K, used 5625K [0x00000006c0800000, 0x00000006c5c00000, 0x000000076ad80000)
  object space 86016K, 6% used [0x00000006c0800000,0x00000006c0d7e750,0x00000006c5c00000)
 Metaspace       used 34165K, capacity 36018K, committed 36048K, reserved 1081344K
  class space    used 4596K, capacity 4965K, committed 4992K, reserved 1048576K
Event: 4.531 GC heap after
Heap after GC invocations=7 (full 1):
 PSYoungGen      total 233472K, used 10749K [0x000000076ad80000, 0x000000077a180000, 0x00000007c0000000)
  eden space 222720K, 0% used [0x000000076ad80000,0x000000076ad80000,0x0000000778700000)
  from space 10752K, 99% used [0x0000000779700000,0x000000077a17f640,0x000000077a180000)
  to   space 13312K, 0% used [0x0000000778780000,0x0000000778780000,0x0000000779480000)
 ParOldGen       total 86016K, used 8071K [0x00000006c0800000, 0x00000006c5c00000, 0x000000076ad80000)
  object space 86016K, 9% used [0x00000006c0800000,0x00000006c0fe1d18,0x00000006c5c00000)
 Metaspace       used 34165K, capacity 36018K, committed 36048K, reserved 1081344K
  class space    used 4596K, capacity 4965K, committed 4992K, reserved 1048576K
}
Event: 4.531 GC heap before
{Heap before GC invocations=8 (full 2):
 PSYoungGen      total 233472K, used 10749K [0x000000076ad80000, 0x000000077a180000, 0x00000007c0000000)
  eden space 222720K, 0% used [0x000000076ad80000,0x000000076ad80000,0x0000000778700000)
  from space 10752K, 99% used [0x0000000779700000,0x000000077a17f640,0x000000077a180000)
  to   space 13312K, 0% used [0x0000000778780000,0x0000000778780000,0x0000000779480000)
 ParOldGen       total 86016K, used 8071K [0x00000006c0800000, 0x00000006c5c00000, 0x000000076ad80000)
  object space 86016K, 9% used [0x00000006c0800000,0x00000006c0fe1d18,0x00000006c5c00000)
 Metaspace       used 34165K, capacity 36018K, committed 36048K, reserved 1081344K
  class space    used 4596K, capacity 4965K, committed 4992K, reserved 1048576K
Event: 4.598 GC heap after
Heap after GC invocations=8 (full 2):
 PSYoungGen      total 233472K, used 0K [0x000000076ad80000, 0x000000077a180000, 0x00000007c0000000)
  eden space 222720K, 0% used [0x000000076ad80000,0x000000076ad80000,0x0000000778700000)
  from space 10752K, 0% used [0x0000000779700000,0x0000000779700000,0x000000077a180000)
  to   space 13312K, 0% used [0x0000000778780000,0x0000000778780000,0x0000000779480000)
 ParOldGen       total 128000K, used 17798K [0x00000006c0800000, 0x00000006c8500000, 0x000000076ad80000)
  object space 128000K, 13% used [0x00000006c0800000,0x00000006c1961a50,0x00000006c8500000)
 Metaspace       used 34165K, capacity 36018K, committed 36048K, reserved 1081344K
  class space    used 4596K, capacity 4965K, committed 4992K, reserved 1048576K
}
Event: 63.840 GC heap before
{Heap before GC invocations=9 (full 2):
 PSYoungGen      total 233472K, used 222720K [0x000000076ad80000, 0x000000077a180000, 0x00000007c0000000)
  eden space 222720K, 100% used [0x000000076ad80000,0x0000000778700000,0x0000000778700000)
  from space 10752K, 0% used [0x0000000779700000,0x0000000779700000,0x000000077a180000)
  to   space 13312K, 0% used [0x0000000778780000,0x0000000778780000,0x0000000779480000)
 ParOldGen       total 128000K, used 17798K [0x00000006c0800000, 0x00000006c8500000, 0x000000076ad80000)
  object space 128000K, 13% used [0x00000006c0800000,0x00000006c1961a50,0x00000006c8500000)
 Metaspace       used 42353K, capacity 44460K, committed 44668K, reserved 1087488K
  class space    used 5605K, capacity 5999K, committed 6016K, reserved 1048576K
Event: 63.853 GC heap after
Heap after GC invocations=9 (full 2):
 PSYoungGen      total 236544K, used 13301K [0x000000076ad80000, 0x0000000782400000, 0x00000007c0000000)
  eden space 223232K, 0% used [0x000000076ad80000,0x000000076ad80000,0x0000000778780000)
  from space 13312K, 99% used [0x0000000778780000,0x000000077947d770,0x0000000779480000)
  to   space 15872K, 0% used [0x0000000781480000,0x0000000781480000,0x0000000782400000)
 ParOldGen       total 128000K, used 18993K [0x00000006c0800000, 0x00000006c8500000, 0x000000076ad80000)
  object space 128000K, 14% used [0x00000006c0800000,0x00000006c1a8c5f8,0x00000006c8500000)
 Metaspace       used 42353K, capacity 44460K, committed 44668K, reserved 1087488K
  class space    used 5605K, capacity 5999K, committed 6016K, reserved 1048576K
}

