# JRE version: Java(TM) SE Runtime Environment (8.0_271-b09) (build 1.8.0_271-b09)
# Java VM: Java HotSpot(TM) 64-Bit Server VM (25.271-b09 mixed mode windows-amd64 compressed oops)
Heap:
 PSYoungGen      total 177664K, used 34391K [0x000000076ad80000, 0x000000077b300000, 0x00000007c0000000)
  eden space 164864K, 13% used [0x000000076ad80000,0x000000076c299480,0x0000000774e80000)
  from space 12800K, 99% used [0x0000000774e80000,0x0000000775afcab0,0x0000000775b00000)
  to   space 16384K, 0% used [0x000000077a300000,0x000000077a300000,0x000000077b300000)
 ParOldGen       total 151552K, used 19625K [0x00000006c0800000, 0x00000006c9c00000, 0x000000076ad80000)
  object space 151552K, 12% used [0x00000006c0800000,0x00000006c1b2a738,0x00000006c9c00000)
 Metaspace       used 42569K, capacity 44742K, committed 44928K, reserved 1087488K
  class space    used 5592K, capacity 5992K, committed 6016K, reserved 1048576K
GC Heap History (10 events):
Event: 2.893 GC heap before
{Heap before GC invocations=5 (full 1):
 PSYoungGen      total 76288K, used 65536K [0x000000076ad80000, 0x0000000774280000, 0x00000007c0000000)
  eden space 65536K, 100% used [0x000000076ad80000,0x000000076ed80000,0x000000076ed80000)
  from space 10752K, 0% used [0x000000076ed80000,0x000000076ed80000,0x000000076f800000)
  to   space 10752K, 0% used [0x0000000773800000,0x0000000773800000,0x0000000774280000)
 ParOldGen       total 99328K, used 8813K [0x00000006c0800000, 0x00000006c6900000, 0x000000076ad80000)
  object space 99328K, 8% used [0x00000006c0800000,0x00000006c109b780,0x00000006c6900000)
 Metaspace       used 22774K, capacity 23696K, committed 23808K, reserved 1069056K
  class space    used 3048K, capacity 3263K, committed 3328K, reserved 1048576K
Event: 2.897 GC heap after
Heap after GC invocations=5 (full 1):
 PSYoungGen      total 109568K, used 4563K [0x000000076ad80000, 0x0000000773c80000, 0x00000007c0000000)
  eden space 104960K, 0% used [0x000000076ad80000,0x000000076ad80000,0x0000000771400000)
  from space 4608K, 99% used [0x0000000773800000,0x0000000773c74ef0,0x0000000773c80000)
  to   space 10752K, 0% used [0x0000000772780000,0x0000000772780000,0x0000000773200000)
 ParOldGen       total 99328K, used 8821K [0x00000006c0800000, 0x00000006c6900000, 0x000000076ad80000)
  object space 99328K, 8% used [0x00000006c0800000,0x00000006c109d780,0x00000006c6900000)
 Metaspace       used 22774K, capacity 23696K, committed 23808K, reserved 1069056K
  class space    used 3048K, capacity 3263K, committed 3328K, reserved 1048576K
}
Event: 3.603 GC heap before
{Heap before GC invocations=6 (full 1):
 PSYoungGen      total 109568K, used 109523K [0x000000076ad80000, 0x0000000773c80000, 0x00000007c0000000)
  eden space 104960K, 100% used [0x000000076ad80000,0x0000000771400000,0x0000000771400000)
  from space 4608K, 99% used [0x0000000773800000,0x0000000773c74ef0,0x0000000773c80000)
  to   space 10752K, 0% used [0x0000000772780000,0x0000000772780000,0x0000000773200000)
 ParOldGen       total 99328K, used 8821K [0x00000006c0800000, 0x00000006c6900000, 0x000000076ad80000)
  object space 99328K, 8% used [0x00000006c0800000,0x00000006c109d780,0x00000006c6900000)
 Metaspace       used 29390K, capacity 31100K, committed 31232K, reserved 1077248K
  class space    used 3979K, capacity 4304K, committed 4352K, reserved 1048576K
Event: 3.611 GC heap after
Heap after GC invocations=6 (full 1):
 PSYoungGen      total 135680K, used 9756K [0x000000076ad80000, 0x0000000776680000, 0x00000007c0000000)
  eden space 124928K, 0% used [0x000000076ad80000,0x000000076ad80000,0x0000000772780000)
  from space 10752K, 90% used [0x0000000772780000,0x0000000773107158,0x0000000773200000)
  to   space 11776K, 0% used [0x0000000775b00000,0x0000000775b00000,0x0000000776680000)
 ParOldGen       total 99328K, used 8829K [0x00000006c0800000, 0x00000006c6900000, 0x000000076ad80000)
  object space 99328K, 8% used [0x00000006c0800000,0x00000006c109f780,0x00000006c6900000)
 Metaspace       used 29390K, capacity 31100K, committed 31232K, reserved 1077248K
  class space    used 3979K, capacity 4304K, committed 4352K, reserved 1048576K
}
Event: 4.105 GC heap before
{Heap before GC invocations=7 (full 1):
 PSYoungGen      total 135680K, used 82072K [0x000000076ad80000, 0x0000000776680000, 0x00000007c0000000)
  eden space 124928K, 57% used [0x000000076ad80000,0x000000076f41f018,0x0000000772780000)
  from space 10752K, 90% used [0x0000000772780000,0x0000000773107158,0x0000000773200000)
  to   space 11776K, 0% used [0x0000000775b00000,0x0000000775b00000,0x0000000776680000)
 ParOldGen       total 99328K, used 8829K [0x00000006c0800000, 0x00000006c6900000, 0x000000076ad80000)
  object space 99328K, 8% used [0x00000006c0800000,0x00000006c109f780,0x00000006c6900000)
 Metaspace       used 33478K, capacity 35320K, committed 35496K, reserved 1079296K
  class space    used 4505K, capacity 4850K, committed 4864K, reserved 1048576K
Event: 4.113 GC heap after
Heap after GC invocations=7 (full 1):
 PSYoungGen      total 176640K, used 10428K [0x000000076ad80000, 0x0000000778800000, 0x00000007c0000000)
  eden space 164864K, 0% used [0x000000076ad80000,0x000000076ad80000,0x0000000774e80000)
  from space 11776K, 88% used [0x0000000775b00000,0x000000077652f360,0x0000000776680000)
  to   space 12800K, 0% used [0x0000000774e80000,0x0000000774e80000,0x0000000775b00000)
 ParOldGen       total 99328K, used 8837K [0x00000006c0800000, 0x00000006c6900000, 0x000000076ad80000)
  object space 99328K, 8% used [0x00000006c0800000,0x00000006c10a1780,0x00000006c6900000)
 Metaspace       used 33478K, capacity 35320K, committed 35496K, reserved 1079296K
  class space    used 4505K, capacity 4850K, committed 4864K, reserved 1048576K
}
Event: 4.113 GC heap before
{Heap before GC invocations=8 (full 2):
 PSYoungGen      total 176640K, used 10428K [0x000000076ad80000, 0x0000000778800000, 0x00000007c0000000)
  eden space 164864K, 0% used [0x000000076ad80000,0x000000076ad80000,0x0000000774e80000)
  from space 11776K, 88% used [0x0000000775b00000,0x000000077652f360,0x0000000776680000)
  to   space 12800K, 0% used [0x0000000774e80000,0x0000000774e80000,0x0000000775b00000)
 ParOldGen       total 99328K, used 8837K [0x00000006c0800000, 0x00000006c6900000, 0x000000076ad80000)
  object space 99328K, 8% used [0x00000006c0800000,0x00000006c10a1780,0x00000006c6900000)
 Metaspace       used 33478K, capacity 35320K, committed 35496K, reserved 1079296K
  class space    used 4505K, capacity 4850K, committed 4864K, reserved 1048576K
Event: 4.146 GC heap after
Heap after GC invocations=8 (full 2):
 PSYoungGen      total 176640K, used 0K [0x000000076ad80000, 0x0000000778800000, 0x00000007c0000000)
  eden space 164864K, 0% used [0x000000076ad80000,0x000000076ad80000,0x0000000774e80000)
  from space 11776K, 0% used [0x0000000775b00000,0x0000000775b00000,0x0000000776680000)
  to   space 12800K, 0% used [0x0000000774e80000,0x0000000774e80000,0x0000000775b00000)
 ParOldGen       total 151552K, used 15448K [0x00000006c0800000, 0x00000006c9c00000, 0x000000076ad80000)
  object space 151552K, 10% used [0x00000006c0800000,0x00000006c1716230,0x00000006c9c00000)
 Metaspace       used 33478K, capacity 35320K, committed 35496K, reserved 1079296K
  class space    used 4505K, capacity 4850K, committed 4864K, reserved 1048576K
}
Event: 63.493 GC heap before
{Heap before GC invocations=9 (full 2):
 PSYoungGen      total 176640K, used 164864K [0x000000076ad80000, 0x0000000778800000, 0x00000007c0000000)
  eden space 164864K, 100% used [0x000000076ad80000,0x0000000774e80000,0x0000000774e80000)
  from space 11776K, 0% used [0x0000000775b00000,0x0000000775b00000,0x0000000776680000)
  to   space 12800K, 0% used [0x0000000774e80000,0x0000000774e80000,0x0000000775b00000)
 ParOldGen       total 151552K, used 15448K [0x00000006c0800000, 0x00000006c9c00000, 0x000000076ad80000)
  object space 151552K, 10% used [0x00000006c0800000,0x00000006c1716230,0x00000006c9c00000)
 Metaspace       used 42477K, capacity 44596K, committed 44928K, reserved 1087488K
  class space    used 5588K, capacity 5987K, committed 6016K, reserved 1048576K
Event: 63.509 GC heap after
Heap after GC invocations=9 (full 2):
 PSYoungGen      total 177664K, used 12786K [0x000000076ad80000, 0x000000077b300000, 0x00000007c0000000)
  eden space 164864K, 0% used [0x000000076ad80000,0x000000076ad80000,0x0000000774e80000)
  from space 12800K, 99% used [0x0000000774e80000,0x0000000775afcab0,0x0000000775b00000)
  to   space 16384K, 0% used [0x000000077a300000,0x000000077a300000,0x000000077b300000)
 ParOldGen       total 151552K, used 19625K [0x00000006c0800000, 0x00000006c9c00000, 0x000000076ad80000)
  object space 151552K, 12% used [0x00000006c0800000,0x00000006c1b2a738,0x00000006c9c00000)
 Metaspace       used 42477K, capacity 44596K, committed 44928K, reserved 1087488K
  class space    used 5588K, capacity 5987K, committed 6016K, reserved 1048576K
}

