# JRE version: Java(TM) SE Runtime Environment (8.0_271-b09) (build 1.8.0_271-b09)
# Java VM: Java HotSpot(TM) 64-Bit Server VM (25.271-b09 mixed mode windows-amd64 compressed oops)
Heap:
 PSYoungGen      total 236544K, used 38810K [0x000000076ad80000, 0x000000077ae00000, 0x00000007c0000000)
  eden space 222208K, 11% used [0x000000076ad80000,0x000000076c5e2b90,0x0000000778680000)
  from space 14336K, 96% used [0x000000077a000000,0x000000077ad84060,0x000000077ae00000)
  to   space 16384K, 0% used [0x0000000778e00000,0x0000000778e00000,0x0000000779e00000)
 ParOldGen       total 152576K, used 17207K [0x00000006c0800000, 0x00000006c9d00000, 0x000000076ad80000)
  object space 152576K, 11% used [0x00000006c0800000,0x00000006c18cdde0,0x00000006c9d00000)
 Metaspace       used 42029K, capacity 44262K, committed 44416K, reserved 1087488K
  class space    used 5585K, capacity 6000K, committed 6016K, reserved 1048576K
GC Heap History (10 events):
Event: 3.524 GC heap before
{Heap before GC invocations=6 (full 1):
 PSYoungGen      total 110592K, used 110081K [0x000000076ad80000, 0x0000000773d00000, 0x00000007c0000000)
  eden space 105472K, 100% used [0x000000076ad80000,0x0000000771480000,0x0000000771480000)
  from space 5120K, 90% used [0x0000000773800000,0x0000000773c804a8,0x0000000773d00000)
  to   space 10752K, 0% used [0x0000000772800000,0x0000000772800000,0x0000000773280000)
 ParOldGen       total 98304K, used 8663K [0x00000006c0800000, 0x00000006c6800000, 0x000000076ad80000)
  object space 98304K, 8% used [0x00000006c0800000,0x00000006c1075c58,0x00000006c6800000)
 Metaspace       used 29346K, capacity 31036K, committed 31232K, reserved 1077248K
  class space    used 3975K, capacity 4304K, committed 4352K, reserved 1048576K
Event: 3.533 GC heap after
Heap after GC invocations=6 (full 1):
 PSYoungGen      total 136192K, used 9887K [0x000000076ad80000, 0x0000000776700000, 0x00000007c0000000)
  eden space 125440K, 0% used [0x000000076ad80000,0x000000076ad80000,0x0000000772800000)
  from space 10752K, 91% used [0x0000000772800000,0x00000007731a7c30,0x0000000773280000)
  to   space 11776K, 0% used [0x0000000775b80000,0x0000000775b80000,0x0000000776700000)
 ParOldGen       total 98304K, used 8671K [0x00000006c0800000, 0x00000006c6800000, 0x000000076ad80000)
  object space 98304K, 8% used [0x00000006c0800000,0x00000006c1077c58,0x00000006c6800000)
 Metaspace       used 29346K, capacity 31036K, committed 31232K, reserved 1077248K
  class space    used 3975K, capacity 4304K, committed 4352K, reserved 1048576K
}
Event: 4.178 GC heap before
{Heap before GC invocations=7 (full 1):
 PSYoungGen      total 136192K, used 83467K [0x000000076ad80000, 0x0000000776700000, 0x00000007c0000000)
  eden space 125440K, 58% used [0x000000076ad80000,0x000000076f55b148,0x0000000772800000)
  from space 10752K, 91% used [0x0000000772800000,0x00000007731a7c30,0x0000000773280000)
  to   space 11776K, 0% used [0x0000000775b80000,0x0000000775b80000,0x0000000776700000)
 ParOldGen       total 98304K, used 8671K [0x00000006c0800000, 0x00000006c6800000, 0x000000076ad80000)
  object space 98304K, 8% used [0x00000006c0800000,0x00000006c1077c58,0x00000006c6800000)
 Metaspace       used 33468K, capacity 35288K, committed 35456K, reserved 1079296K
  class space    used 4508K, capacity 4882K, committed 4992K, reserved 1048576K
Event: 4.185 GC heap after
Heap after GC invocations=7 (full 1):
 PSYoungGen      total 177152K, used 10521K [0x000000076ad80000, 0x0000000778600000, 0x00000007c0000000)
  eden space 165376K, 0% used [0x000000076ad80000,0x000000076ad80000,0x0000000774f00000)
  from space 11776K, 89% used [0x0000000775b80000,0x00000007765c67e0,0x0000000776700000)
  to   space 12800K, 0% used [0x0000000774f00000,0x0000000774f00000,0x0000000775b80000)
 ParOldGen       total 98304K, used 8679K [0x00000006c0800000, 0x00000006c6800000, 0x000000076ad80000)
  object space 98304K, 8% used [0x00000006c0800000,0x00000006c1079c58,0x00000006c6800000)
 Metaspace       used 33468K, capacity 35288K, committed 35456K, reserved 1079296K
  class space    used 4508K, capacity 4882K, committed 4992K, reserved 1048576K
}
Event: 4.185 GC heap before
{Heap before GC invocations=8 (full 2):
 PSYoungGen      total 177152K, used 10521K [0x000000076ad80000, 0x0000000778600000, 0x00000007c0000000)
  eden space 165376K, 0% used [0x000000076ad80000,0x000000076ad80000,0x0000000774f00000)
  from space 11776K, 89% used [0x0000000775b80000,0x00000007765c67e0,0x0000000776700000)
  to   space 12800K, 0% used [0x0000000774f00000,0x0000000774f00000,0x0000000775b80000)
 ParOldGen       total 98304K, used 8679K [0x00000006c0800000, 0x00000006c6800000, 0x000000076ad80000)
  object space 98304K, 8% used [0x00000006c0800000,0x00000006c1079c58,0x00000006c6800000)
 Metaspace       used 33468K, capacity 35288K, committed 35456K, reserved 1079296K
  class space    used 4508K, capacity 4882K, committed 4992K, reserved 1048576K
Event: 4.225 GC heap after
Heap after GC invocations=8 (full 2):
 PSYoungGen      total 177152K, used 0K [0x000000076ad80000, 0x0000000778600000, 0x00000007c0000000)
  eden space 165376K, 0% used [0x000000076ad80000,0x000000076ad80000,0x0000000774f00000)
  from space 11776K, 0% used [0x0000000775b80000,0x0000000775b80000,0x0000000776700000)
  to   space 12800K, 0% used [0x0000000774f00000,0x0000000774f00000,0x0000000775b80000)
 ParOldGen       total 152576K, used 15569K [0x00000006c0800000, 0x00000006c9d00000, 0x000000076ad80000)
  object space 152576K, 10% used [0x00000006c0800000,0x00000006c17347e0,0x00000006c9d00000)
 Metaspace       used 33468K, capacity 35288K, committed 35456K, reserved 1079296K
  class space    used 4508K, capacity 4882K, committed 4992K, reserved 1048576K
}
Event: 39.194 GC heap before
{Heap before GC invocations=9 (full 2):
 PSYoungGen      total 177152K, used 165376K [0x000000076ad80000, 0x0000000778600000, 0x00000007c0000000)
  eden space 165376K, 100% used [0x000000076ad80000,0x0000000774f00000,0x0000000774f00000)
  from space 11776K, 0% used [0x0000000775b80000,0x0000000775b80000,0x0000000776700000)
  to   space 12800K, 0% used [0x0000000774f00000,0x0000000774f00000,0x0000000775b80000)
 ParOldGen       total 152576K, used 15569K [0x00000006c0800000, 0x00000006c9d00000, 0x000000076ad80000)
  object space 152576K, 10% used [0x00000006c0800000,0x00000006c17347e0,0x00000006c9d00000)
 Metaspace       used 41990K, capacity 44202K, committed 44416K, reserved 1087488K
  class space    used 5578K, capacity 5990K, committed 6016K, reserved 1048576K
Event: 39.208 GC heap after
Heap after GC invocations=9 (full 2):
 PSYoungGen      total 178176K, used 12772K [0x000000076ad80000, 0x000000077af00000, 0x00000007c0000000)
  eden space 165376K, 0% used [0x000000076ad80000,0x000000076ad80000,0x0000000774f00000)
  from space 12800K, 99% used [0x0000000774f00000,0x0000000775b792a8,0x0000000775b80000)
  to   space 15360K, 0% used [0x000000077a000000,0x000000077a000000,0x000000077af00000)
 ParOldGen       total 152576K, used 17199K [0x00000006c0800000, 0x00000006c9d00000, 0x000000076ad80000)
  object space 152576K, 11% used [0x00000006c0800000,0x00000006c18cbde0,0x00000006c9d00000)
 Metaspace       used 41990K, capacity 44202K, committed 44416K, reserved 1087488K
  class space    used 5578K, capacity 5990K, committed 6016K, reserved 1048576K
}
Event: 82.146 GC heap before
{Heap before GC invocations=10 (full 2):
 PSYoungGen      total 178176K, used 178148K [0x000000076ad80000, 0x000000077af00000, 0x00000007c0000000)
  eden space 165376K, 100% used [0x000000076ad80000,0x0000000774f00000,0x0000000774f00000)
  from space 12800K, 99% used [0x0000000774f00000,0x0000000775b792a8,0x0000000775b80000)
  to   space 15360K, 0% used [0x000000077a000000,0x000000077a000000,0x000000077af00000)
 ParOldGen       total 152576K, used 17199K [0x00000006c0800000, 0x00000006c9d00000, 0x000000076ad80000)
  object space 152576K, 11% used [0x00000006c0800000,0x00000006c18cbde0,0x00000006c9d00000)
 Metaspace       used 42025K, capacity 44262K, committed 44416K, reserved 1087488K
  class space    used 5585K, capacity 6000K, committed 6016K, reserved 1048576K
Event: 82.156 GC heap after
Heap after GC invocations=10 (full 2):
 PSYoungGen      total 236544K, used 13840K [0x000000076ad80000, 0x000000077ae00000, 0x00000007c0000000)
  eden space 222208K, 0% used [0x000000076ad80000,0x000000076ad80000,0x0000000778680000)
  from space 14336K, 96% used [0x000000077a000000,0x000000077ad84060,0x000000077ae00000)
  to   space 16384K, 0% used [0x0000000778e00000,0x0000000778e00000,0x0000000779e00000)
 ParOldGen       total 152576K, used 17207K [0x00000006c0800000, 0x00000006c9d00000, 0x000000076ad80000)
  object space 152576K, 11% used [0x00000006c0800000,0x00000006c18cdde0,0x00000006c9d00000)
 Metaspace       used 42025K, capacity 44262K, committed 44416K, reserved 1087488K
  class space    used 5585K, capacity 6000K, committed 6016K, reserved 1048576K
}

