# JRE version: Java(TM) SE Runtime Environment (8.0_271-b09) (build 1.8.0_271-b09)
# Java VM: Java HotSpot(TM) 64-Bit Server VM (25.271-b09 mixed mode windows-amd64 compressed oops)
Heap:
 PSYoungGen      total 168448K, used 18730K [0x000000076ad80000, 0x000000077a200000, 0x00000007c0000000)
  eden space 156160K, 4% used [0x000000076ad80000,0x000000076b3cfe18,0x0000000774600000)
  from space 12288K, 99% used [0x0000000774600000,0x00000007751fabd8,0x0000000775200000)
  to   space 15872K, 0% used [0x0000000779280000,0x0000000779280000,0x000000077a200000)
 ParOldGen       total 155136K, used 19536K [0x00000006c0800000, 0x00000006c9f80000, 0x000000076ad80000)
  object space 155136K, 12% used [0x00000006c0800000,0x00000006c1b14368,0x00000006c9f80000)
 Metaspace       used 42508K, capacity 44646K, committed 45056K, reserved 1087488K
  class space    used 5616K, capacity 6024K, committed 6144K, reserved 1048576K
GC Heap History (10 events):
Event: 2.731 GC heap before
{Heap before GC invocations=5 (full 1):
 PSYoungGen      total 76288K, used 65536K [0x000000076ad80000, 0x0000000774280000, 0x00000007c0000000)
  eden space 65536K, 100% used [0x000000076ad80000,0x000000076ed80000,0x000000076ed80000)
  from space 10752K, 0% used [0x000000076ed80000,0x000000076ed80000,0x000000076f800000)
  to   space 10752K, 0% used [0x0000000773800000,0x0000000773800000,0x0000000774280000)
 ParOldGen       total 99328K, used 8579K [0x00000006c0800000, 0x00000006c6900000, 0x000000076ad80000)
  object space 99328K, 8% used [0x00000006c0800000,0x00000006c1060ff8,0x00000006c6900000)
 Metaspace       used 22781K, capacity 23722K, committed 23808K, reserved 1069056K
  class space    used 3055K, capacity 3294K, committed 3328K, reserved 1048576K
Event: 2.735 GC heap after
Heap after GC invocations=5 (full 1):
 PSYoungGen      total 107520K, used 4523K [0x000000076ad80000, 0x0000000773c80000, 0x00000007c0000000)
  eden space 102912K, 0% used [0x000000076ad80000,0x000000076ad80000,0x0000000771200000)
  from space 4608K, 98% used [0x0000000773800000,0x0000000773c6ac28,0x0000000773c80000)
  to   space 10752K, 0% used [0x0000000772780000,0x0000000772780000,0x0000000773200000)
 ParOldGen       total 99328K, used 8587K [0x00000006c0800000, 0x00000006c6900000, 0x000000076ad80000)
  object space 99328K, 8% used [0x00000006c0800000,0x00000006c1062ff8,0x00000006c6900000)
 Metaspace       used 22781K, capacity 23722K, committed 23808K, reserved 1069056K
  class space    used 3055K, capacity 3294K, committed 3328K, reserved 1048576K
}
Event: 3.524 GC heap before
{Heap before GC invocations=6 (full 1):
 PSYoungGen      total 107520K, used 107435K [0x000000076ad80000, 0x0000000773c80000, 0x00000007c0000000)
  eden space 102912K, 100% used [0x000000076ad80000,0x0000000771200000,0x0000000771200000)
  from space 4608K, 98% used [0x0000000773800000,0x0000000773c6ac28,0x0000000773c80000)
  to   space 10752K, 0% used [0x0000000772780000,0x0000000772780000,0x0000000773200000)
 ParOldGen       total 99328K, used 8587K [0x00000006c0800000, 0x00000006c6900000, 0x000000076ad80000)
  object space 99328K, 8% used [0x00000006c0800000,0x00000006c1062ff8,0x00000006c6900000)
 Metaspace       used 29149K, capacity 30838K, committed 30976K, reserved 1075200K
  class space    used 3966K, capacity 4303K, committed 4352K, reserved 1048576K
Event: 3.530 GC heap after
Heap after GC invocations=6 (full 1):
 PSYoungGen      total 135680K, used 9295K [0x000000076ad80000, 0x0000000775d00000, 0x00000007c0000000)
  eden space 124928K, 0% used [0x000000076ad80000,0x000000076ad80000,0x0000000772780000)
  from space 10752K, 86% used [0x0000000772780000,0x0000000773093c18,0x0000000773200000)
  to   space 11264K, 0% used [0x0000000775200000,0x0000000775200000,0x0000000775d00000)
 ParOldGen       total 99328K, used 8595K [0x00000006c0800000, 0x00000006c6900000, 0x000000076ad80000)
  object space 99328K, 8% used [0x00000006c0800000,0x00000006c1064ff8,0x00000006c6900000)
 Metaspace       used 29149K, capacity 30838K, committed 30976K, reserved 1075200K
  class space    used 3966K, capacity 4303K, committed 4352K, reserved 1048576K
}
Event: 4.022 GC heap before
{Heap before GC invocations=7 (full 1):
 PSYoungGen      total 135680K, used 85190K [0x000000076ad80000, 0x0000000775d00000, 0x00000007c0000000)
  eden space 124928K, 60% used [0x000000076ad80000,0x000000076f79dfb0,0x0000000772780000)
  from space 10752K, 86% used [0x0000000772780000,0x0000000773093c18,0x0000000773200000)
  to   space 11264K, 0% used [0x0000000775200000,0x0000000775200000,0x0000000775d00000)
 ParOldGen       total 99328K, used 8595K [0x00000006c0800000, 0x00000006c6900000, 0x000000076ad80000)
  object space 99328K, 8% used [0x00000006c0800000,0x00000006c1064ff8,0x00000006c6900000)
 Metaspace       used 33480K, capacity 35288K, committed 35456K, reserved 1079296K
  class space    used 4513K, capacity 4882K, committed 4992K, reserved 1048576K
Event: 4.032 GC heap after
Heap after GC invocations=7 (full 1):
 PSYoungGen      total 167424K, used 10631K [0x000000076ad80000, 0x0000000778080000, 0x00000007c0000000)
  eden space 156160K, 0% used [0x000000076ad80000,0x000000076ad80000,0x0000000774600000)
  from space 11264K, 94% used [0x0000000775200000,0x0000000775c61d58,0x0000000775d00000)
  to   space 12288K, 0% used [0x0000000774600000,0x0000000774600000,0x0000000775200000)
 ParOldGen       total 99328K, used 8603K [0x00000006c0800000, 0x00000006c6900000, 0x000000076ad80000)
  object space 99328K, 8% used [0x00000006c0800000,0x00000006c1066ff8,0x00000006c6900000)
 Metaspace       used 33480K, capacity 35288K, committed 35456K, reserved 1079296K
  class space    used 4513K, capacity 4882K, committed 4992K, reserved 1048576K
}
Event: 4.032 GC heap before
{Heap before GC invocations=8 (full 2):
 PSYoungGen      total 167424K, used 10631K [0x000000076ad80000, 0x0000000778080000, 0x00000007c0000000)
  eden space 156160K, 0% used [0x000000076ad80000,0x000000076ad80000,0x0000000774600000)
  from space 11264K, 94% used [0x0000000775200000,0x0000000775c61d58,0x0000000775d00000)
  to   space 12288K, 0% used [0x0000000774600000,0x0000000774600000,0x0000000775200000)
 ParOldGen       total 99328K, used 8603K [0x00000006c0800000, 0x00000006c6900000, 0x000000076ad80000)
  object space 99328K, 8% used [0x00000006c0800000,0x00000006c1066ff8,0x00000006c6900000)
 Metaspace       used 33480K, capacity 35288K, committed 35456K, reserved 1079296K
  class space    used 4513K, capacity 4882K, committed 4992K, reserved 1048576K
Event: 4.081 GC heap after
Heap after GC invocations=8 (full 2):
 PSYoungGen      total 167424K, used 0K [0x000000076ad80000, 0x0000000778080000, 0x00000007c0000000)
  eden space 156160K, 0% used [0x000000076ad80000,0x000000076ad80000,0x0000000774600000)
  from space 11264K, 0% used [0x0000000775200000,0x0000000775200000,0x0000000775d00000)
  to   space 12288K, 0% used [0x0000000774600000,0x0000000774600000,0x0000000775200000)
 ParOldGen       total 155136K, used 15680K [0x00000006c0800000, 0x00000006c9f80000, 0x000000076ad80000)
  object space 155136K, 10% used [0x00000006c0800000,0x00000006c17503f8,0x00000006c9f80000)
 Metaspace       used 33480K, capacity 35288K, committed 35456K, reserved 1079296K
  class space    used 4513K, capacity 4882K, committed 4992K, reserved 1048576K
}
Event: 179.639 GC heap before
{Heap before GC invocations=9 (full 2):
 PSYoungGen      total 167424K, used 156160K [0x000000076ad80000, 0x0000000778080000, 0x00000007c0000000)
  eden space 156160K, 100% used [0x000000076ad80000,0x0000000774600000,0x0000000774600000)
  from space 11264K, 0% used [0x0000000775200000,0x0000000775200000,0x0000000775d00000)
  to   space 12288K, 0% used [0x0000000774600000,0x0000000774600000,0x0000000775200000)
 ParOldGen       total 155136K, used 15680K [0x00000006c0800000, 0x00000006c9f80000, 0x000000076ad80000)
  object space 155136K, 10% used [0x00000006c0800000,0x00000006c17503f8,0x00000006c9f80000)
 Metaspace       used 42491K, capacity 44628K, committed 45056K, reserved 1087488K
  class space    used 5612K, capacity 6019K, committed 6144K, reserved 1048576K
Event: 179.654 GC heap after
Heap after GC invocations=9 (full 2):
 PSYoungGen      total 168448K, used 12266K [0x000000076ad80000, 0x000000077a200000, 0x00000007c0000000)
  eden space 156160K, 0% used [0x000000076ad80000,0x000000076ad80000,0x0000000774600000)
  from space 12288K, 99% used [0x0000000774600000,0x00000007751fabd8,0x0000000775200000)
  to   space 15872K, 0% used [0x0000000779280000,0x0000000779280000,0x000000077a200000)
 ParOldGen       total 155136K, used 19536K [0x00000006c0800000, 0x00000006c9f80000, 0x000000076ad80000)
  object space 155136K, 12% used [0x00000006c0800000,0x00000006c1b14368,0x00000006c9f80000)
 Metaspace       used 42491K, capacity 44628K, committed 45056K, reserved 1087488K
  class space    used 5612K, capacity 6019K, committed 6144K, reserved 1048576K
}

