# JRE version: Java(TM) SE Runtime Environment (8.0_271-b09) (build 1.8.0_271-b09)
# Java VM: Java HotSpot(TM) 64-Bit Server VM (25.271-b09 mixed mode windows-amd64 compressed oops)
Heap:
 PSYoungGen      total 202240K, used 28976K [0x000000076ad80000, 0x0000000779380000, 0x00000007c0000000)
  eden space 189440K, 8% used [0x000000076ad80000,0x000000076bd532c8,0x0000000776680000)
  from space 12800K, 99% used [0x0000000778700000,0x0000000779378e88,0x0000000779380000)
  to   space 23040K, 0% used [0x0000000776680000,0x0000000776680000,0x0000000777d00000)
 ParOldGen       total 162816K, used 28706K [0x00000006c0800000, 0x00000006ca700000, 0x000000076ad80000)
  object space 162816K, 17% used [0x00000006c0800000,0x00000006c2408b18,0x00000006ca700000)
 Metaspace       used 42528K, capacity 44660K, committed 44928K, reserved 1087488K
  class space    used 5600K, capacity 5991K, committed 6016K, reserved 1048576K
GC Heap History (10 events):
Event: 4.543 GC heap before
{Heap before GC invocations=8 (full 2):
 PSYoungGen      total 160256K, used 10888K [0x000000076ad80000, 0x0000000777c80000, 0x00000007c0000000)
  eden space 148992K, 0% used [0x000000076ad80000,0x000000076ad80000,0x0000000773f00000)
  from space 11264K, 96% used [0x0000000774b80000,0x0000000775622040,0x0000000775680000)
  to   space 12800K, 0% used [0x0000000773f00000,0x0000000773f00000,0x0000000774b80000)
 ParOldGen       total 104960K, used 8837K [0x00000006c0800000, 0x00000006c6e80000, 0x000000076ad80000)
  object space 104960K, 8% used [0x00000006c0800000,0x00000006c10a1468,0x00000006c6e80000)
 Metaspace       used 33482K, capacity 35288K, committed 35456K, reserved 1079296K
  class space    used 4508K, capacity 4882K, committed 4992K, reserved 1048576K
Event: 4.579 GC heap after
Heap after GC invocations=8 (full 2):
 PSYoungGen      total 160256K, used 0K [0x000000076ad80000, 0x0000000777c80000, 0x00000007c0000000)
  eden space 148992K, 0% used [0x000000076ad80000,0x000000076ad80000,0x0000000773f00000)
  from space 11264K, 0% used [0x0000000774b80000,0x0000000774b80000,0x0000000775680000)
  to   space 12800K, 0% used [0x0000000773f00000,0x0000000773f00000,0x0000000774b80000)
 ParOldGen       total 162816K, used 15937K [0x00000006c0800000, 0x00000006ca700000, 0x000000076ad80000)
  object space 162816K, 9% used [0x00000006c0800000,0x00000006c1790420,0x00000006ca700000)
 Metaspace       used 33482K, capacity 35288K, committed 35456K, reserved 1079296K
  class space    used 4508K, capacity 4882K, committed 4992K, reserved 1048576K
}
Event: 35.382 GC heap before
{Heap before GC invocations=9 (full 2):
 PSYoungGen      total 160256K, used 148992K [0x000000076ad80000, 0x0000000777c80000, 0x00000007c0000000)
  eden space 148992K, 100% used [0x000000076ad80000,0x0000000773f00000,0x0000000773f00000)
  from space 11264K, 0% used [0x0000000774b80000,0x0000000774b80000,0x0000000775680000)
  to   space 12800K, 0% used [0x0000000773f00000,0x0000000773f00000,0x0000000774b80000)
 ParOldGen       total 162816K, used 15937K [0x00000006c0800000, 0x00000006ca700000, 0x000000076ad80000)
  object space 162816K, 9% used [0x00000006c0800000,0x00000006c1790420,0x00000006ca700000)
 Metaspace       used 42323K, capacity 44444K, committed 44672K, reserved 1087488K
  class space    used 5591K, capacity 5985K, committed 6016K, reserved 1048576K
Event: 35.399 GC heap after
Heap after GC invocations=9 (full 2):
 PSYoungGen      total 161792K, used 12770K [0x000000076ad80000, 0x0000000779880000, 0x00000007c0000000)
  eden space 148992K, 0% used [0x000000076ad80000,0x000000076ad80000,0x0000000773f00000)
  from space 12800K, 99% used [0x0000000773f00000,0x0000000774b788c8,0x0000000774b80000)
  to   space 15360K, 0% used [0x0000000778980000,0x0000000778980000,0x0000000779880000)
 ParOldGen       total 162816K, used 18314K [0x00000006c0800000, 0x00000006ca700000, 0x000000076ad80000)
  object space 162816K, 11% used [0x00000006c0800000,0x00000006c19e2b18,0x00000006ca700000)
 Metaspace       used 42323K, capacity 44444K, committed 44672K, reserved 1087488K
  class space    used 5591K, capacity 5985K, committed 6016K, reserved 1048576K
}
Event: 82.007 GC heap before
{Heap before GC invocations=10 (full 2):
 PSYoungGen      total 161792K, used 161762K [0x000000076ad80000, 0x0000000779880000, 0x00000007c0000000)
  eden space 148992K, 100% used [0x000000076ad80000,0x0000000773f00000,0x0000000773f00000)
  from space 12800K, 99% used [0x0000000773f00000,0x0000000774b788c8,0x0000000774b80000)
  to   space 15360K, 0% used [0x0000000778980000,0x0000000778980000,0x0000000779880000)
 ParOldGen       total 162816K, used 18314K [0x00000006c0800000, 0x00000006ca700000, 0x000000076ad80000)
  object space 162816K, 11% used [0x00000006c0800000,0x00000006c19e2b18,0x00000006ca700000)
 Metaspace       used 42496K, capacity 44578K, committed 44672K, reserved 1087488K
  class space    used 5593K, capacity 5986K, committed 6016K, reserved 1048576K
Event: 82.017 GC heap after
Heap after GC invocations=10 (full 2):
 PSYoungGen      total 214528K, used 14304K [0x000000076ad80000, 0x0000000779780000, 0x00000007c0000000)
  eden space 200192K, 0% used [0x000000076ad80000,0x000000076ad80000,0x0000000777100000)
  from space 14336K, 99% used [0x0000000778980000,0x0000000779778080,0x0000000779780000)
  to   space 16896K, 0% used [0x0000000777680000,0x0000000777680000,0x0000000778700000)
 ParOldGen       total 162816K, used 18322K [0x00000006c0800000, 0x00000006ca700000, 0x000000076ad80000)
  object space 162816K, 11% used [0x00000006c0800000,0x00000006c19e4b18,0x00000006ca700000)
 Metaspace       used 42496K, capacity 44578K, committed 44672K, reserved 1087488K
  class space    used 5593K, capacity 5986K, committed 6016K, reserved 1048576K
}
Event: 168.776 GC heap before
{Heap before GC invocations=11 (full 2):
 PSYoungGen      total 214528K, used 214496K [0x000000076ad80000, 0x0000000779780000, 0x00000007c0000000)
  eden space 200192K, 100% used [0x000000076ad80000,0x0000000777100000,0x0000000777100000)
  from space 14336K, 99% used [0x0000000778980000,0x0000000779778080,0x0000000779780000)
  to   space 16896K, 0% used [0x0000000777680000,0x0000000777680000,0x0000000778700000)
 ParOldGen       total 162816K, used 18322K [0x00000006c0800000, 0x00000006ca700000, 0x000000076ad80000)
  object space 162816K, 11% used [0x00000006c0800000,0x00000006c19e4b18,0x00000006ca700000)
 Metaspace       used 42512K, capacity 44642K, committed 44672K, reserved 1087488K
  class space    used 5596K, capacity 5986K, committed 6016K, reserved 1048576K
Event: 168.788 GC heap after
Heap after GC invocations=11 (full 2):
 PSYoungGen      total 211456K, used 16883K [0x000000076ad80000, 0x0000000779380000, 0x00000007c0000000)
  eden space 194560K, 0% used [0x000000076ad80000,0x000000076ad80000,0x0000000776b80000)
  from space 16896K, 99% used [0x0000000777680000,0x00000007786fcea8,0x0000000778700000)
  to   space 12800K, 0% used [0x0000000778700000,0x0000000778700000,0x0000000779380000)
 ParOldGen       total 162816K, used 21154K [0x00000006c0800000, 0x00000006ca700000, 0x000000076ad80000)
  object space 162816K, 12% used [0x00000006c0800000,0x00000006c1ca8b18,0x00000006ca700000)
 Metaspace       used 42512K, capacity 44642K, committed 44672K, reserved 1087488K
  class space    used 5596K, capacity 5986K, committed 6016K, reserved 1048576K
}
Event: 256.356 GC heap before
{Heap before GC invocations=12 (full 2):
 PSYoungGen      total 211456K, used 211443K [0x000000076ad80000, 0x0000000779380000, 0x00000007c0000000)
  eden space 194560K, 100% used [0x000000076ad80000,0x0000000776b80000,0x0000000776b80000)
  from space 16896K, 99% used [0x0000000777680000,0x00000007786fcea8,0x0000000778700000)
  to   space 12800K, 0% used [0x0000000778700000,0x0000000778700000,0x0000000779380000)
 ParOldGen       total 162816K, used 21154K [0x00000006c0800000, 0x00000006ca700000, 0x000000076ad80000)
  object space 162816K, 12% used [0x00000006c0800000,0x00000006c1ca8b18,0x00000006ca700000)
 Metaspace       used 42512K, capacity 44642K, committed 44672K, reserved 1087488K
  class space    used 5596K, capacity 5986K, committed 6016K, reserved 1048576K
Event: 256.367 GC heap after
Heap after GC invocations=12 (full 2):
 PSYoungGen      total 202240K, used 12771K [0x000000076ad80000, 0x0000000779380000, 0x00000007c0000000)
  eden space 189440K, 0% used [0x000000076ad80000,0x000000076ad80000,0x0000000776680000)
  from space 12800K, 99% used [0x0000000778700000,0x0000000779378e88,0x0000000779380000)
  to   space 23040K, 0% used [0x0000000776680000,0x0000000776680000,0x0000000777d00000)
 ParOldGen       total 162816K, used 28706K [0x00000006c0800000, 0x00000006ca700000, 0x000000076ad80000)
  object space 162816K, 17% used [0x00000006c0800000,0x00000006c2408b18,0x00000006ca700000)
 Metaspace       used 42512K, capacity 44642K, committed 44672K, reserved 1087488K
  class space    used 5596K, capacity 5986K, committed 6016K, reserved 1048576K
}

